#! c:/iverilog-x86/bin/vvp
:ivl_version "10.0 (stable)" "(v10_0)";
:ivl_delay_selection "TYPICAL";
:vpi_time_precision + 0;
:vpi_module "system";
:vpi_module "vhdl_sys";
:vpi_module "v2005_math";
:vpi_module "va_math";
S_00ffd728 .scope module, "sync_4bitCounter" "sync_4bitCounter" 2 2;
 .timescale 0 0;
    .port_info 0 /INPUT 1 "clk"
    .port_info 1 /OUTPUT 4 "Q"
L_00ffd7f8 .functor AND 1, v00ff50d8_0, v00ff50d8_0, C4<1>, C4<1>;
L_027d1138 .functor AND 1, L_00ffd7f8, v00ffed78_0, C4<1>, C4<1>;
v027f7110_0 .var "Q", 0 3;
v027f71c0_0 .net "a0", 0 0, v00ffd630_0;  1 drivers
v027f7168_0 .net "a1", 0 0, v00ff50d8_0;  1 drivers
v027f6fb0_0 .net "a2", 0 0, v00ffed78_0;  1 drivers
v027f7008_0 .net "a3", 0 0, v027f7060_0;  1 drivers
o027d3ff4 .functor BUFZ 1, C4<z>; HiZ drive
v027f70b8_0 .net "clk", 0 0, o027d3ff4;  0 drivers
v027f6df8_0 .net "w1", 0 0, L_00ffd7f8;  1 drivers
v027f6ea8_0 .net "w2", 0 0, L_027d1138;  1 drivers
S_00ff4f58 .scope module, "jk1" "jkFF" 2 9, 3 1 0, S_00ffd728;
 .timescale 0 0;
    .port_info 0 /INPUT 1 "j"
    .port_info 1 /INPUT 1 "k"
    .port_info 2 /INPUT 1 "clk"
    .port_info 3 /OUTPUT 1 "Q"
v00ffd630_0 .var "Q", 0 0;
v00ffbd98_0 .net "clk", 0 0, o027d3ff4;  alias, 0 drivers
L_027f7428 .functor BUFT 1, C4<1>, C4<0>, C4<0>, C4<0>;
v00ff5028_0 .net "j", 0 0, L_027f7428;  1 drivers
L_027f7450 .functor BUFT 1, C4<1>, C4<0>, C4<0>, C4<0>;
v00ff5080_0 .net "k", 0 0, L_027f7450;  1 drivers
E_00ffe258 .event posedge, v00ffbd98_0;
S_00ff3800 .scope module, "jk2" "jkFF" 2 10, 3 1 0, S_00ffd728;
 .timescale 0 0;
    .port_info 0 /INPUT 1 "j"
    .port_info 1 /INPUT 1 "k"
    .port_info 2 /INPUT 1 "clk"
    .port_info 3 /OUTPUT 1 "Q"
v00ff50d8_0 .var "Q", 0 0;
v00ff38d0_0 .net "clk", 0 0, o027d3ff4;  alias, 0 drivers
v00ff3928_0 .net "j", 0 0, v00ffd630_0;  alias, 1 drivers
v00ff3980_0 .net "k", 0 0, v00ffd630_0;  alias, 1 drivers
S_00ffeca8 .scope module, "jk3" "jkFF" 2 12, 3 1 0, S_00ffd728;
 .timescale 0 0;
    .port_info 0 /INPUT 1 "j"
    .port_info 1 /INPUT 1 "k"
    .port_info 2 /INPUT 1 "clk"
    .port_info 3 /OUTPUT 1 "Q"
v00ffed78_0 .var "Q", 0 0;
v00ffedd0_0 .net "clk", 0 0, o027d3ff4;  alias, 0 drivers
v00ffee28_0 .net "j", 0 0, L_00ffd7f8;  alias, 1 drivers
v00ffee80_0 .net "k", 0 0, L_00ffd7f8;  alias, 1 drivers
S_00ffeed8 .scope module, "jk4" "jkFF" 2 14, 3 1 0, S_00ffd728;
 .timescale 0 0;
    .port_info 0 /INPUT 1 "j"
    .port_info 1 /INPUT 1 "k"
    .port_info 2 /INPUT 1 "clk"
    .port_info 3 /OUTPUT 1 "Q"
v027f7060_0 .var "Q", 0 0;
v027f6f58_0 .net "clk", 0 0, o027d3ff4;  alias, 0 drivers
v027f7378_0 .net "j", 0 0, L_027d1138;  alias, 1 drivers
v027f7218_0 .net "k", 0 0, L_027d1138;  alias, 1 drivers
    .scope S_00ff4f58;
T_0 ;
    %pushi/vec4 0, 0, 1;
    %store/vec4 v00ffd630_0, 0, 1;
    %end;
    .thread T_0;
    .scope S_00ff4f58;
T_1 ;
    %wait E_00ffe258;
    %load/vec4 v00ff5028_0;
    %pad/u 32;
    %pushi/vec4 0, 0, 32;
    %cmp/e;
    %flag_get/vec4 4;
    %load/vec4 v00ff5080_0;
    %pad/u 32;
    %pushi/vec4 1, 0, 32;
    %cmp/e;
    %flag_get/vec4 4;
    %and;
    %flag_set/vec4 8;
    %jmp/0xz  T_1.0, 8;
    %pushi/vec4 0, 0, 1;
    %assign/vec4 v00ffd630_0, 0;
    %jmp T_1.1;
T_1.0 ;
    %load/vec4 v00ff5028_0;
    %pad/u 32;
    %pushi/vec4 1, 0, 32;
    %cmp/e;
    %flag_get/vec4 4;
    %load/vec4 v00ff5080_0;
    %pad/u 32;
    %pushi/vec4 0, 0, 32;
    %cmp/e;
    %flag_get/vec4 4;
    %and;
    %flag_set/vec4 8;
    %jmp/0xz  T_1.2, 8;
    %pushi/vec4 1, 0, 1;
    %assign/vec4 v00ffd630_0, 0;
    %jmp T_1.3;
T_1.2 ;
    %load/vec4 v00ff5028_0;
    %pad/u 32;
    %pushi/vec4 1, 0, 32;
    %cmp/e;
    %flag_get/vec4 4;
    %load/vec4 v00ff5080_0;
    %pad/u 32;
    %pushi/vec4 1, 0, 32;
    %cmp/e;
    %flag_get/vec4 4;
    %and;
    %flag_set/vec4 8;
    %jmp/0xz  T_1.4, 8;
    %load/vec4 v00ffd630_0;
    %inv;
    %assign/vec4 v00ffd630_0, 0;
T_1.4 ;
T_1.3 ;
T_1.1 ;
    %jmp T_1;
    .thread T_1;
    .scope S_00ff3800;
T_2 ;
    %pushi/vec4 0, 0, 1;
    %store/vec4 v00ff50d8_0, 0, 1;
    %end;
    .thread T_2;
    .scope S_00ff3800;
T_3 ;
    %wait E_00ffe258;
    %load/vec4 v00ff3928_0;
    %pad/u 32;
    %pushi/vec4 0, 0, 32;
    %cmp/e;
    %flag_get/vec4 4;
    %load/vec4 v00ff3980_0;
    %pad/u 32;
    %pushi/vec4 1, 0, 32;
    %cmp/e;
    %flag_get/vec4 4;
    %and;
    %flag_set/vec4 8;
    %jmp/0xz  T_3.0, 8;
    %pushi/vec4 0, 0, 1;
    %assign/vec4 v00ff50d8_0, 0;
    %jmp T_3.1;
T_3.0 ;
    %load/vec4 v00ff3928_0;
    %pad/u 32;
    %pushi/vec4 1, 0, 32;
    %cmp/e;
    %flag_get/vec4 4;
    %load/vec4 v00ff3980_0;
    %pad/u 32;
    %pushi/vec4 0, 0, 32;
    %cmp/e;
    %flag_get/vec4 4;
    %and;
    %flag_set/vec4 8;
    %jmp/0xz  T_3.2, 8;
    %pushi/vec4 1, 0, 1;
    %assign/vec4 v00ff50d8_0, 0;
    %jmp T_3.3;
T_3.2 ;
    %load/vec4 v00ff3928_0;
    %pad/u 32;
    %pushi/vec4 1, 0, 32;
    %cmp/e;
    %flag_get/vec4 4;
    %load/vec4 v00ff3980_0;
    %pad/u 32;
    %pushi/vec4 1, 0, 32;
    %cmp/e;
    %flag_get/vec4 4;
    %and;
    %flag_set/vec4 8;
    %jmp/0xz  T_3.4, 8;
    %load/vec4 v00ff50d8_0;
    %inv;
    %assign/vec4 v00ff50d8_0, 0;
T_3.4 ;
T_3.3 ;
T_3.1 ;
    %jmp T_3;
    .thread T_3;
    .scope S_00ffeca8;
T_4 ;
    %pushi/vec4 0, 0, 1;
    %store/vec4 v00ffed78_0, 0, 1;
    %end;
    .thread T_4;
    .scope S_00ffeca8;
T_5 ;
    %wait E_00ffe258;
    %load/vec4 v00ffee28_0;
    %pad/u 32;
    %pushi/vec4 0, 0, 32;
    %cmp/e;
    %flag_get/vec4 4;
    %load/vec4 v00ffee80_0;
    %pad/u 32;
    %pushi/vec4 1, 0, 32;
    %cmp/e;
    %flag_get/vec4 4;
    %and;
    %flag_set/vec4 8;
    %jmp/0xz  T_5.0, 8;
    %pushi/vec4 0, 0, 1;
    %assign/vec4 v00ffed78_0, 0;
    %jmp T_5.1;
T_5.0 ;
    %load/vec4 v00ffee28_0;
    %pad/u 32;
    %pushi/vec4 1, 0, 32;
    %cmp/e;
    %flag_get/vec4 4;
    %load/vec4 v00ffee80_0;
    %pad/u 32;
    %pushi/vec4 0, 0, 32;
    %cmp/e;
    %flag_get/vec4 4;
    %and;
    %flag_set/vec4 8;
    %jmp/0xz  T_5.2, 8;
    %pushi/vec4 1, 0, 1;
    %assign/vec4 v00ffed78_0, 0;
    %jmp T_5.3;
T_5.2 ;
    %load/vec4 v00ffee28_0;
    %pad/u 32;
    %pushi/vec4 1, 0, 32;
    %cmp/e;
    %flag_get/vec4 4;
    %load/vec4 v00ffee80_0;
    %pad/u 32;
    %pushi/vec4 1, 0, 32;
    %cmp/e;
    %flag_get/vec4 4;
    %and;
    %flag_set/vec4 8;
    %jmp/0xz  T_5.4, 8;
    %load/vec4 v00ffed78_0;
    %inv;
    %assign/vec4 v00ffed78_0, 0;
T_5.4 ;
T_5.3 ;
T_5.1 ;
    %jmp T_5;
    .thread T_5;
    .scope S_00ffeed8;
T_6 ;
    %pushi/vec4 0, 0, 1;
    %store/vec4 v027f7060_0, 0, 1;
    %end;
    .thread T_6;
    .scope S_00ffeed8;
T_7 ;
    %wait E_00ffe258;
    %load/vec4 v027f7378_0;
    %pad/u 32;
    %pushi/vec4 0, 0, 32;
    %cmp/e;
    %flag_get/vec4 4;
    %load/vec4 v027f7218_0;
    %pad/u 32;
    %pushi/vec4 1, 0, 32;
    %cmp/e;
    %flag_get/vec4 4;
    %and;
    %flag_set/vec4 8;
    %jmp/0xz  T_7.0, 8;
    %pushi/vec4 0, 0, 1;
    %assign/vec4 v027f7060_0, 0;
    %jmp T_7.1;
T_7.0 ;
    %load/vec4 v027f7378_0;
    %pad/u 32;
    %pushi/vec4 1, 0, 32;
    %cmp/e;
    %flag_get/vec4 4;
    %load/vec4 v027f7218_0;
    %pad/u 32;
    %pushi/vec4 0, 0, 32;
    %cmp/e;
    %flag_get/vec4 4;
    %and;
    %flag_set/vec4 8;
    %jmp/0xz  T_7.2, 8;
    %pushi/vec4 1, 0, 1;
    %assign/vec4 v027f7060_0, 0;
    %jmp T_7.3;
T_7.2 ;
    %load/vec4 v027f7378_0;
    %pad/u 32;
    %pushi/vec4 1, 0, 32;
    %cmp/e;
    %flag_get/vec4 4;
    %load/vec4 v027f7218_0;
    %pad/u 32;
    %pushi/vec4 1, 0, 32;
    %cmp/e;
    %flag_get/vec4 4;
    %and;
    %flag_set/vec4 8;
    %jmp/0xz  T_7.4, 8;
    %load/vec4 v027f7060_0;
    %inv;
    %assign/vec4 v027f7060_0, 0;
T_7.4 ;
T_7.3 ;
T_7.1 ;
    %jmp T_7;
    .thread T_7;
    .scope S_00ffd728;
T_8 ;
    %pushi/vec4 0, 0, 4;
    %store/vec4 v027f7110_0, 0, 4;
    %end;
    .thread T_8;
    .scope S_00ffd728;
T_9 ;
    %wait E_00ffe258;
    %load/vec4 v027f71c0_0;
    %ix/load 4, 3, 0;
    %ix/load 5, 0, 0;
    %flag_set/imm 4, 0;
    %assign/vec4/off/d v027f7110_0, 4, 5;
    %load/vec4 v027f7168_0;
    %ix/load 4, 2, 0;
    %ix/load 5, 0, 0;
    %flag_set/imm 4, 0;
    %assign/vec4/off/d v027f7110_0, 4, 5;
    %load/vec4 v027f6fb0_0;
    %ix/load 4, 1, 0;
    %ix/load 5, 0, 0;
    %flag_set/imm 4, 0;
    %assign/vec4/off/d v027f7110_0, 4, 5;
    %load/vec4 v027f7008_0;
    %ix/load 4, 0, 0;
    %ix/load 5, 0, 0;
    %flag_set/imm 4, 0;
    %assign/vec4/off/d v027f7110_0, 4, 5;
    %jmp T_9;
    .thread T_9;
# The file index is used to find the file name in the following table.
:file_names 4;
    "N/A";
    "<interactive>";
    "counter.v";
    "./jkFF.v";
